
Showing All Issues

Build target MotiVate of project MotiVate with configuration Debug

SwiftCompile normal arm64 Compiling\ AboutView.swift /Users/chrisventer/Documents/Code/MotiVate/MotiVate/MotiVate/Views/AboutView.swift (in target 'MotiVate' from project 'MotiVate')

not on a macro expansion node: UnexpectedNodesSyntax
├─[0]: colon
├─[1]: leftBrace
├─[2]: identifier("CategorySettingsView")
├─[3]: leftParen
├─[4]: rightParen
├─[5]: period
├─[6]: identifier("frame")
├─[7]: leftParen
├─[8]: identifier("minWidth")
├─[9]: colon
├─[10]: integerLiteral("500")
├─[11]: comma
├─[12]: identifier("idealWidth")
├─[13]: colon
├─[14]: integerLiteral("550")
├─[15]: rightParen
├─[16]: period
├─[17]: identifier("navigationTitle")
├─[18]: leftParen
├─[19]: stringQuote
├─[20]: stringSegment("Settings")
├─[21]: stringQuote
├─[22]: rightParen
├─[23]: rightBrace
├─[24]: period
├─[25]: identifier("environmentObject")
├─[26]: leftParen
├─[27]: identifier("viewModel")
├─[28]: rightParen
├─[29]: rightBrace
├─[30]: rightBrace
├─[31]: pound
├─[32]: identifier("Preview")
├─[33]: leftBrace
├─[34]: identifier("ContentView")
├─[35]: leftParen
├─[36]: rightParen
╰─[37]: rightBrace
Failed frontend command:
/Applications/Xcode.app/Contents/Developer/Toolchains/XcodeDefault.xctoolchain/usr/bin/swift-frontend -frontend -c /Users/chrisventer/Documents/Code/MotiVate/MotiVate/MotiVate/Views/Settings/CategorySettingsView.swift /Users/chrisventer/Documents/Code/MotiVate/MotiVate/MotiVate/MotiVateApp.swift /Users/chrisventer/Documents/Code/MotiVate/MotiVate/MotiVate/ContentView.swift /Users/chrisventer/Documents/Code/MotiVate/MotiVate/MotiVate/Models/CategoryItem.swift -primary-file /Users/chrisventer/Documents/Code/MotiVate/MotiVate/MotiVate/Views/AboutView.swift /Users/chrisventer/Documents/Code/MotiVate/MotiVate/MotiVate/ViewModels/CategorySettingsViewModel.swift /Users/chrisventer/Documents/Code/MotiVate/MotiVate/MotiVate/core/SharedModels.swift /Users/chrisventer/Documents/Code/MotiVate/MotiVate/MotiVate/core/SupabaseClient.swift /Users/chrisventer/Documents/Code/MotiVate/MotiVate/MotiVate/ViewModels/ContentViewModel.swift /Users/chrisventer/Library/Developer/Xcode/DerivedData/MotiVate-deuvolzlhbxjkmcwtihekzixsibi/Build/Intermediates.noindex/MotiVate.build/Debug/MotiVate.build/DerivedSources/GeneratedAssetSymbols.swift -emit-dependencies-path /Users/chrisventer/Library/Developer/Xcode/DerivedData/MotiVate-deuvolzlhbxjkmcwtihekzixsibi/Build/Intermediates.noindex/MotiVate.build/Debug/MotiVate.build/Objects-normal/arm64/AboutView.d -emit-const-values-path /Users/chrisventer/Library/Developer/Xcode/DerivedData/MotiVate-deuvolzlhbxjkmcwtihekzixsibi/Build/Intermediates.noindex/MotiVate.build/Debug/MotiVate.build/Objects-normal/arm64/AboutView.swiftconstvalues -emit-reference-dependencies-path /Users/chrisventer/Library/Developer/Xcode/DerivedData/MotiVate-deuvolzlhbxjkmcwtihekzixsibi/Build/Intermediates.noindex/MotiVate.build/Debug/MotiVate.build/Objects-normal/arm64/AboutView.swiftdeps -serialize-diagnostics-path /Users/chrisventer/Library/Developer/Xcode/DerivedData/MotiVate-deuvolzlhbxjkmcwtihekzixsibi/Build/Intermediates.noindex/MotiVate.build/Debug/MotiVate.build/Objects-normal/arm64/AboutView.dia -emit-localized-strings -emit-localized-strings-path /Users/chrisventer/Library/Developer/Xcode/DerivedData/MotiVate-deuvolzlhbxjkmcwtihekzixsibi/Build/Intermediates.noindex/MotiVate.build/Debug/MotiVate.build/Objects-normal/arm64 -target arm64-apple-macos15.4 -Xllvm -aarch64-use-tbi -enable-objc-interop -stack-check -sdk /Applications/Xcode.app/Contents/Developer/Platforms/MacOSX.platform/Developer/SDKs/MacOSX15.4.sdk -I /Users/chrisventer/Library/Developer/Xcode/DerivedData/MotiVate-deuvolzlhbxjkmcwtihekzixsibi/Build/Products/Debug -F /Users/chrisventer/Library/Developer/Xcode/DerivedData/MotiVate-deuvolzlhbxjkmcwtihekzixsibi/Build/Products/Debug/PackageFrameworks -F /Users/chrisventer/Library/Developer/Xcode/DerivedData/MotiVate-deuvolzlhbxjkmcwtihekzixsibi/Build/Products/Debug/PackageFrameworks -F /Users/chrisventer/Library/Developer/Xcode/DerivedData/MotiVate-deuvolzlhbxjkmcwtihekzixsibi/Build/Products/Debug/PackageFrameworks -F /Users/chrisventer/Library/Developer/Xcode/DerivedData/MotiVate-deuvolzlhbxjkmcwtihekzixsibi/Build/Products/Debug/PackageFrameworks -F /Users/chrisventer/Library/Developer/Xcode/DerivedData/MotiVate-deuvolzlhbxjkmcwtihekzixsibi/Build/Products/Debug/PackageFrameworks -F /Users/chrisventer/Library/Developer/Xcode/DerivedData/MotiVate-deuvolzlhbxjkmcwtihekzixsibi/Build/Products/Debug/PackageFrameworks -F /Users/chrisventer/Library/Developer/Xcode/DerivedData/MotiVate-deuvolzlhbxjkmcwtihekzixsibi/Build/Products/Debug/PackageFrameworks -F /Users/chrisventer/Library/Developer/Xcode/DerivedData/MotiVate-deuvolzlhbxjkmcwtihekzixsibi/Build/Products/Debug/PackageFrameworks -F /Users/chrisventer/Library/Developer/Xcode/DerivedData/MotiVate-deuvolzlhbxjkmcwtihekzixsibi/Build/Products/Debug/PackageFrameworks -F /Users/chrisventer/Library/Developer/Xcode/DerivedData/MotiVate-deuvolzlhbxjkmcwtihekzixsibi/Build/Products/Debug/PackageFrameworks -F /Users/chrisventer/Library/Developer/Xcode/DerivedData/MotiVate-deuvolzlhbxjkmcwtihekzixsibi/Build/Products/Debug/PackageFrameworks -F /Users/chrisventer/Library/Developer/Xcode/DerivedData/MotiVate-deuvolzlhbxjkmcwtihekzixsibi/Build/Products/Debug/PackageFrameworks -F /Users/chrisventer/Library/Developer/Xcode/DerivedData/MotiVate-deuvolzlhbxjkmcwtihekzixsibi/Build/Products/Debug/PackageFrameworks -F /Users/chrisventer/Library/Developer/Xcode/DerivedData/MotiVate-deuvolzlhbxjkmcwtihekzixsibi/Build/Products/Debug -no-color-diagnostics -enable-testing -g -debug-info-format\=dwarf -dwarf-version\=5 -module-cache-path /Users/chrisventer/Library/Developer/Xcode/DerivedData/ModuleCache.noindex -swift-version 5 -enforce-exclusivity\=checked -Onone -D DEBUG -serialize-debugging-options -const-gather-protocols-file /Users/chrisventer/Library/Developer/Xcode/DerivedData/MotiVate-deuvolzlhbxjkmcwtihekzixsibi/Build/Intermediates.noindex/MotiVate.build/Debug/MotiVate.build/Objects-normal/arm64/MotiVate_const_extract_protocols.json -enable-experimental-feature DebugDescriptionMacro -enable-bare-slash-regex -empty-abi-descriptor -validate-clang-modules-once -clang-build-session-file /Users/chrisventer/Library/Developer/Xcode/DerivedData/ModuleCache.noindex/Session.modulevalidation -Xcc -working-directory -Xcc /Users/chrisventer/Documents/Code/MotiVate/MotiVate -resource-dir /Applications/Xcode.app/Contents/Developer/Toolchains/XcodeDefault.xctoolchain/usr/lib/swift -enable-anonymous-context-mangled-names -file-compilation-dir /Users/chrisventer/Documents/Code/MotiVate/MotiVate -Xcc -ivfsstatcache -Xcc /Users/chrisventer/Library/Developer/Xcode/DerivedData/SDKStatCaches.noindex/macosx15.4-24E241-88b860576fb364319593bd8fb30666b0.sdkstatcache -Xcc -I/Users/chrisventer/Library/Developer/Xcode/DerivedData/MotiVate-deuvolzlhbxjkmcwtihekzixsibi/Build/Intermediates.noindex/MotiVate.build/Debug/MotiVate.build/swift-overrides.hmap -Xcc -iquote -Xcc /Users/chrisventer/Library/Developer/Xcode/DerivedData/MotiVate-deuvolzlhbxjkmcwtihekzixsibi/Build/Intermediates.noindex/MotiVate.build/Debug/MotiVate.build/MotiVate-generated-files.hmap -Xcc -I/Users/chrisventer/Library/Developer/Xcode/DerivedData/MotiVate-deuvolzlhbxjkmcwtihekzixsibi/Build/Intermediates.noindex/MotiVate.build/Debug/MotiVate.build/MotiVate-own-target-headers.hmap -Xcc -I/Users/chrisventer/Library/Developer/Xcode/DerivedData/MotiVate-deuvolzlhbxjkmcwtihekzixsibi/Build/Intermediates.noindex/MotiVate.build/Debug/MotiVate.build/MotiVate-all-non-framework-target-headers.hmap -Xcc -ivfsoverlay -Xcc /Users/chrisventer/Library/Developer/Xcode/DerivedData/MotiVate-deuvolzlhbxjkmcwtihekzixsibi/Build/Intermediates.noindex/MotiVate.build/Debug/MotiVate-2e8dc221c653bdda3eafe003f106a4e4-VFS/all-product-headers.yaml -Xcc -iquote -Xcc /Users/chrisventer/Library/Developer/Xcode/DerivedData/MotiVate-deuvolzlhbxjkmcwtihekzixsibi/Build/Intermediates.noindex/MotiVate.build/Debug/MotiVate.build/MotiVate-project-headers.hmap -Xcc -I/Users/chrisventer/Library/Developer/Xcode/DerivedData/MotiVate-deuvolzlhbxjkmcwtihekzixsibi/Build/Products/Debug/include -Xcc -I/Users/chrisventer/Library/Developer/Xcode/DerivedData/MotiVate-deuvolzlhbxjkmcwtihekzixsibi/Build/Intermediates.noindex/MotiVate.build/Debug/MotiVate.build/DerivedSources-normal/arm64 -Xcc -I/Users/chrisventer/Library/Developer/Xcode/DerivedData/MotiVate-deuvolzlhbxjkmcwtihekzixsibi/Build/Intermediates.noindex/MotiVate.build/Debug/MotiVate.build/DerivedSources/arm64 -Xcc -I/Users/chrisventer/Library/Developer/Xcode/DerivedData/MotiVate-deuvolzlhbxjkmcwtihekzixsibi/Build/Intermediates.noindex/MotiVate.build/Debug/MotiVate.build/DerivedSources -Xcc -DDEBUG\=1 -module-name MotiVate -frontend-parseable-output -disable-clang-spi -target-sdk-version 15.4 -target-sdk-name macosx15.4 -external-plugin-path /Applications/Xcode.app/Contents/Developer/Platforms/MacOSX.platform/Developer/usr/lib/swift/host/plugins\#/Applications/Xcode.app/Contents/Developer/Platforms/MacOSX.platform/Developer/usr/bin/swift-plugin-server -external-plugin-path /Applications/Xcode.app/Contents/Developer/Platforms/MacOSX.platform/Developer/usr/local/lib/swift/host/plugins\#/Applications/Xcode.app/Contents/Developer/Platforms/MacOSX.platform/Developer/usr/bin/swift-plugin-server -in-process-plugin-server-path /Applications/Xcode.app/Contents/Developer/Toolchains/XcodeDefault.xctoolchain/usr/lib/swift/host/libSwiftInProcPluginServer.dylib -plugin-path /Applications/Xcode.app/Contents/Developer/Toolchains/XcodeDefault.xctoolchain/usr/lib/swift/host/plugins -plugin-path /Applications/Xcode.app/Contents/Developer/Toolchains/XcodeDefault.xctoolchain/usr/local/lib/swift/host/plugins -o /Users/chrisventer/Library/Developer/Xcode/DerivedData/MotiVate-deuvolzlhbxjkmcwtihekzixsibi/Build/Intermediates.noindex/MotiVate.build/Debug/MotiVate.build/Objects-normal/arm64/AboutView.o -index-unit-output-path /MotiVate.build/Debug/MotiVate.build/Objects-normal/arm64/AboutView.o -index-store-path /Users/chrisventer/Library/Developer/Xcode/DerivedData/MotiVate-deuvolzlhbxjkmcwtihekzixsibi/Index.noindex/DataStore -index-system-modules

SwiftCompile normal arm64 /Users/chrisventer/Documents/Code/MotiVate/MotiVate/MotiVate/Views/AboutView.swift (in target 'MotiVate' from project 'MotiVate')
    cd /Users/chrisventer/Documents/Code/MotiVate/MotiVate
    

/Users/chrisventer/Documents/Code/MotiVate/MotiVate/MotiVate/ContentView.swift:93:10: error: consecutive statements on a line must be separated by ';'
        } detail: {
         ^
         ;
/Users/chrisventer/Documents/Code/MotiVate/MotiVate/MotiVate/ContentView.swift:93:19: error: labeled block needs 'do'
        } detail: {
                  ^
                  do 
/Users/chrisventer/Documents/Code/MotiVate/MotiVate/MotiVate/ContentView.swift:93:11: error: statements are not allowed at the top level
        } detail: {
          ^
/Users/chrisventer/Documents/Code/MotiVate/MotiVate/MotiVate/ContentView.swift:102:9: error: expressions are not allowed at the top level
        .environmentObject(viewModel) // Provide ContentViewModel to the environment for CategorySettingsView
        ^
/Users/chrisventer/Documents/Code/MotiVate/MotiVate/MotiVate/ContentView.swift:103:5: error: extraneous '}' at top level
    }
    ^
    
/Users/chrisventer/Documents/Code/MotiVate/MotiVate/MotiVate/ContentView.swift:104:1: error: extraneous '}' at top level
}
^

/Users/chrisventer/Documents/Code/MotiVate/MotiVate/MotiVate/ContentView.swift:93:10: Consecutive statements on a line must be separated by ';'

/Users/chrisventer/Documents/Code/MotiVate/MotiVate/MotiVate/ContentView.swift:93:19: Labeled block needs 'do'

/Users/chrisventer/Documents/Code/MotiVate/MotiVate/MotiVate/ContentView.swift:93:11: Statements are not allowed at the top level

/Users/chrisventer/Documents/Code/MotiVate/MotiVate/MotiVate/ContentView.swift:102:9: Expressions are not allowed at the top level

/Users/chrisventer/Documents/Code/MotiVate/MotiVate/MotiVate/ContentView.swift:103:5: Extraneous '}' at top level

/Users/chrisventer/Documents/Code/MotiVate/MotiVate/MotiVate/ContentView.swift:104:1: Extraneous '}' at top level



Build failed    27/5/2025, 4:05 pm    1.4 seconds
